Determining if the pthread_create exist failed with the following output:
Change Dir: /media/cyq7on/0EFF10060EFF1006/demo/Other/WordCount/cmake-build-debug/CMakeFiles/CMakeTmp

Run Build Command:"/usr/bin/make" "cmTC_b4331/fast"
/usr/bin/make -f CMakeFiles/cmTC_b4331.dir/build.make CMakeFiles/cmTC_b4331.dir/build
make[1]: Entering directory '/media/cyq7on/0EFF10060EFF1006/demo/Other/WordCount/cmake-build-debug/CMakeFiles/CMakeTmp'
Building C object CMakeFiles/cmTC_b4331.dir/CheckSymbolExists.c.o
/usr/bin/cc   -std=gnu99 -o CMakeFiles/cmTC_b4331.dir/CheckSymbolExists.c.o   -c /media/cyq7on/0EFF10060EFF1006/demo/Other/WordCount/cmake-build-debug/CMakeFiles/CMakeTmp/CheckSymbolExists.c
Linking C executable cmTC_b4331
/opt/clion-2018.2.4/bin/cmake/linux/bin/cmake -E cmake_link_script CMakeFiles/cmTC_b4331.dir/link.txt --verbose=1
/usr/bin/cc      CMakeFiles/cmTC_b4331.dir/CheckSymbolExists.c.o  -o cmTC_b4331 
CMakeFiles/cmTC_b4331.dir/CheckSymbolExists.c.o：在函数‘main’中：
CheckSymbolExists.c:(.text+0x16)：对‘pthread_create’未定义的引用
collect2: error: ld returned 1 exit status
CMakeFiles/cmTC_b4331.dir/build.make:86: recipe for target 'cmTC_b4331' failed
make[1]: *** [cmTC_b4331] Error 1
make[1]: Leaving directory '/media/cyq7on/0EFF10060EFF1006/demo/Other/WordCount/cmake-build-debug/CMakeFiles/CMakeTmp'
Makefile:121: recipe for target 'cmTC_b4331/fast' failed
make: *** [cmTC_b4331/fast] Error 2

File /media/cyq7on/0EFF10060EFF1006/demo/Other/WordCount/cmake-build-debug/CMakeFiles/CMakeTmp/CheckSymbolExists.c:
/* */
#include <pthread.h>

int main(int argc, char** argv)
{
  (void)argv;
#ifndef pthread_create
  return ((int*)(&pthread_create))[argc];
#else
  (void)argc;
  return 0;
#endif
}

Determining if the function pthread_create exists in the pthreads failed with the following output:
Change Dir: /media/cyq7on/0EFF10060EFF1006/demo/Other/WordCount/cmake-build-debug/CMakeFiles/CMakeTmp

Run Build Command:"/usr/bin/make" "cmTC_e743b/fast"
/usr/bin/make -f CMakeFiles/cmTC_e743b.dir/build.make CMakeFiles/cmTC_e743b.dir/build
make[1]: Entering directory '/media/cyq7on/0EFF10060EFF1006/demo/Other/WordCount/cmake-build-debug/CMakeFiles/CMakeTmp'
Building C object CMakeFiles/cmTC_e743b.dir/CheckFunctionExists.c.o
/usr/bin/cc   -DCHECK_FUNCTION_EXISTS=pthread_create   -std=gnu99 -o CMakeFiles/cmTC_e743b.dir/CheckFunctionExists.c.o   -c /opt/clion-2018.2.4/bin/cmake/linux/share/cmake-3.12/Modules/CheckFunctionExists.c
Linking C executable cmTC_e743b
/opt/clion-2018.2.4/bin/cmake/linux/bin/cmake -E cmake_link_script CMakeFiles/cmTC_e743b.dir/link.txt --verbose=1
/usr/bin/cc  -DCHECK_FUNCTION_EXISTS=pthread_create    CMakeFiles/cmTC_e743b.dir/CheckFunctionExists.c.o  -o cmTC_e743b -lpthreads 
/usr/bin/ld: 找不到 -lpthreads
collect2: error: ld returned 1 exit status
CMakeFiles/cmTC_e743b.dir/build.make:86: recipe for target 'cmTC_e743b' failed
make[1]: *** [cmTC_e743b] Error 1
make[1]: Leaving directory '/media/cyq7on/0EFF10060EFF1006/demo/Other/WordCount/cmake-build-debug/CMakeFiles/CMakeTmp'
Makefile:121: recipe for target 'cmTC_e743b/fast' failed
make: *** [cmTC_e743b/fast] Error 2


